{"/home/user/projects/osf-api-mcp/src/server.ts": {"path":"/home/user/projects/osf-api-mcp/src/server.ts","statementMap":{"0":{"start":{"line":24,"column":4},"end":{"line":34,"column":null}},"1":{"start":{"line":36,"column":4},"end":{"line":36,"column":null}},"2":{"start":{"line":37,"column":4},"end":{"line":37,"column":null}},"3":{"start":{"line":41,"column":4},"end":{"line":41,"column":null}},"4":{"start":{"line":42,"column":4},"end":{"line":42,"column":null}},"5":{"start":{"line":46,"column":4},"end":{"line":48,"column":null}},"6":{"start":{"line":46,"column":71},"end":{"line":48,"column":6}},"7":{"start":{"line":50,"column":4},"end":{"line":81,"column":null}},"8":{"start":{"line":51,"column":40},"end":{"line":51,"column":null}},"9":{"start":{"line":53,"column":6},"end":{"line":80,"column":null}},"10":{"start":{"line":54,"column":8},"end":{"line":69,"column":null}},"11":{"start":{"line":56,"column":12},"end":{"line":56,"column":null}},"12":{"start":{"line":58,"column":12},"end":{"line":58,"column":null}},"13":{"start":{"line":60,"column":12},"end":{"line":60,"column":null}},"14":{"start":{"line":62,"column":12},"end":{"line":62,"column":null}},"15":{"start":{"line":64,"column":12},"end":{"line":64,"column":null}},"16":{"start":{"line":66,"column":12},"end":{"line":66,"column":null}},"17":{"start":{"line":68,"column":12},"end":{"line":68,"column":null}},"18":{"start":{"line":71,"column":29},"end":{"line":71,"column":null}},"19":{"start":{"line":72,"column":8},"end":{"line":79,"column":null}},"20":{"start":{"line":85,"column":4},"end":{"line":205,"column":null}},"21":{"start":{"line":209,"column":10},"end":{"line":209,"column":null}},"22":{"start":{"line":210,"column":4},"end":{"line":217,"column":null}},"23":{"start":{"line":221,"column":4},"end":{"line":223,"column":null}},"24":{"start":{"line":222,"column":6},"end":{"line":222,"column":null}},"25":{"start":{"line":224,"column":10},"end":{"line":224,"column":null}},"26":{"start":{"line":225,"column":4},"end":{"line":232,"column":null}},"27":{"start":{"line":236,"column":10},"end":{"line":236,"column":null}},"28":{"start":{"line":237,"column":4},"end":{"line":244,"column":null}},"29":{"start":{"line":248,"column":4},"end":{"line":250,"column":null}},"30":{"start":{"line":249,"column":6},"end":{"line":249,"column":null}},"31":{"start":{"line":251,"column":10},"end":{"line":251,"column":null}},"32":{"start":{"line":252,"column":4},"end":{"line":259,"column":null}},"33":{"start":{"line":263,"column":4},"end":{"line":265,"column":null}},"34":{"start":{"line":264,"column":6},"end":{"line":264,"column":null}},"35":{"start":{"line":267,"column":22},"end":{"line":267,"column":null}},"36":{"start":{"line":268,"column":18},"end":{"line":268,"column":null}},"37":{"start":{"line":269,"column":22},"end":{"line":269,"column":null}},"38":{"start":{"line":271,"column":4},"end":{"line":273,"column":null}},"39":{"start":{"line":272,"column":6},"end":{"line":272,"column":null}},"40":{"start":{"line":275,"column":19},"end":{"line":284,"column":null}},"41":{"start":{"line":286,"column":4},"end":{"line":293,"column":null}},"42":{"start":{"line":297,"column":17},"end":{"line":297,"column":null}},"43":{"start":{"line":298,"column":22},"end":{"line":298,"column":null}},"44":{"start":{"line":300,"column":19},"end":{"line":315,"column":null}},"45":{"start":{"line":301,"column":41},"end":{"line":310,"column":8}},"46":{"start":{"line":304,"column":26},"end":{"line":304,"column":null}},"47":{"start":{"line":304,"column":46},"end":{"line":304,"column":64}},"48":{"start":{"line":305,"column":10},"end":{"line":308,"column":null}},"49":{"start":{"line":311,"column":37},"end":{"line":314,"column":8}},"50":{"start":{"line":317,"column":4},"end":{"line":324,"column":null}},"51":{"start":{"line":328,"column":22},"end":{"line":328,"column":null}},"52":{"start":{"line":329,"column":4},"end":{"line":329,"column":null}},"53":{"start":{"line":330,"column":4},"end":{"line":330,"column":null}}},"fnMap":{"0":{"name":"(anonymous_0)","decl":{"start":{"line":23,"column":2},"end":{"line":23,"column":16}},"loc":{"start":{"line":23,"column":16},"end":{"line":38,"column":null}},"line":23},"1":{"name":"(anonymous_1)","decl":{"start":{"line":40,"column":8},"end":{"line":40,"column":36}},"loc":{"start":{"line":40,"column":36},"end":{"line":43,"column":null}},"line":40},"2":{"name":"(anonymous_2)","decl":{"start":{"line":45,"column":10},"end":{"line":45,"column":36}},"loc":{"start":{"line":45,"column":36},"end":{"line":82,"column":null}},"line":45},"3":{"name":"(anonymous_3)","decl":{"start":{"line":46,"column":58},"end":{"line":46,"column":71}},"loc":{"start":{"line":46,"column":71},"end":{"line":48,"column":6}},"line":46},"4":{"name":"(anonymous_4)","decl":{"start":{"line":50,"column":57},"end":{"line":50,"column":64}},"loc":{"start":{"line":50,"column":76},"end":{"line":81,"column":5}},"line":50},"5":{"name":"(anonymous_5)","decl":{"start":{"line":84,"column":10},"end":{"line":84,"column":29}},"loc":{"start":{"line":84,"column":29},"end":{"line":206,"column":null}},"line":84},"6":{"name":"(anonymous_6)","decl":{"start":{"line":208,"column":10},"end":{"line":208,"column":32}},"loc":{"start":{"line":208,"column":63},"end":{"line":218,"column":null}},"line":208},"7":{"name":"(anonymous_7)","decl":{"start":{"line":220,"column":10},"end":{"line":220,"column":28}},"loc":{"start":{"line":220,"column":59},"end":{"line":233,"column":null}},"line":220},"8":{"name":"(anonymous_8)","decl":{"start":{"line":235,"column":10},"end":{"line":235,"column":30}},"loc":{"start":{"line":235,"column":61},"end":{"line":245,"column":null}},"line":235},"9":{"name":"(anonymous_9)","decl":{"start":{"line":247,"column":10},"end":{"line":247,"column":31}},"loc":{"start":{"line":247,"column":62},"end":{"line":260,"column":null}},"line":247},"10":{"name":"(anonymous_10)","decl":{"start":{"line":262,"column":10},"end":{"line":262,"column":35}},"loc":{"start":{"line":262,"column":66},"end":{"line":294,"column":null}},"line":262},"11":{"name":"(anonymous_11)","decl":{"start":{"line":296,"column":10},"end":{"line":296,"column":27}},"loc":{"start":{"line":296,"column":27},"end":{"line":325,"column":null}},"line":296},"12":{"name":"(anonymous_12)","decl":{"start":{"line":301,"column":31},"end":{"line":301,"column":41}},"loc":{"start":{"line":301,"column":41},"end":{"line":310,"column":8}},"line":301},"13":{"name":"(anonymous_13)","decl":{"start":{"line":303,"column":29},"end":{"line":303,"column":40}},"loc":{"start":{"line":303,"column":40},"end":{"line":309,"column":9}},"line":303},"14":{"name":"(anonymous_14)","decl":{"start":{"line":304,"column":41},"end":{"line":304,"column":46}},"loc":{"start":{"line":304,"column":46},"end":{"line":304,"column":64}},"line":304},"15":{"name":"(anonymous_15)","decl":{"start":{"line":311,"column":29},"end":{"line":311,"column":37}},"loc":{"start":{"line":311,"column":37},"end":{"line":314,"column":8}},"line":311},"16":{"name":"(anonymous_16)","decl":{"start":{"line":327,"column":8},"end":{"line":327,"column":29}},"loc":{"start":{"line":327,"column":29},"end":{"line":331,"column":null}},"line":327}},"branchMap":{"0":{"loc":{"start":{"line":54,"column":8},"end":{"line":69,"column":null}},"type":"switch","locations":[{"start":{"line":55,"column":10},"end":{"line":56,"column":null}},{"start":{"line":57,"column":10},"end":{"line":58,"column":null}},{"start":{"line":59,"column":10},"end":{"line":60,"column":null}},{"start":{"line":61,"column":10},"end":{"line":62,"column":null}},{"start":{"line":63,"column":10},"end":{"line":64,"column":null}},{"start":{"line":65,"column":10},"end":{"line":66,"column":null}},{"start":{"line":67,"column":10},"end":{"line":68,"column":null}}],"line":54},"1":{"loc":{"start":{"line":56,"column":46},"end":{"line":56,"column":56}},"type":"binary-expr","locations":[{"start":{"line":56,"column":46},"end":{"line":56,"column":54}},{"start":{"line":56,"column":54},"end":{"line":56,"column":56}}],"line":56},"2":{"loc":{"start":{"line":58,"column":42},"end":{"line":58,"column":52}},"type":"binary-expr","locations":[{"start":{"line":58,"column":42},"end":{"line":58,"column":50}},{"start":{"line":58,"column":50},"end":{"line":58,"column":52}}],"line":58},"3":{"loc":{"start":{"line":60,"column":44},"end":{"line":60,"column":54}},"type":"binary-expr","locations":[{"start":{"line":60,"column":44},"end":{"line":60,"column":52}},{"start":{"line":60,"column":52},"end":{"line":60,"column":54}}],"line":60},"4":{"loc":{"start":{"line":62,"column":45},"end":{"line":62,"column":55}},"type":"binary-expr","locations":[{"start":{"line":62,"column":45},"end":{"line":62,"column":53}},{"start":{"line":62,"column":53},"end":{"line":62,"column":55}}],"line":62},"5":{"loc":{"start":{"line":64,"column":49},"end":{"line":64,"column":59}},"type":"binary-expr","locations":[{"start":{"line":64,"column":49},"end":{"line":64,"column":57}},{"start":{"line":64,"column":57},"end":{"line":64,"column":59}}],"line":64},"6":{"loc":{"start":{"line":71,"column":29},"end":{"line":71,"column":null}},"type":"cond-expr","locations":[{"start":{"line":71,"column":54},"end":{"line":71,"column":70}},{"start":{"line":71,"column":70},"end":{"line":71,"column":null}}],"line":71},"7":{"loc":{"start":{"line":221,"column":4},"end":{"line":223,"column":null}},"type":"if","locations":[{"start":{"line":221,"column":4},"end":{"line":223,"column":null}},{"start":{},"end":{}}],"line":221},"8":{"loc":{"start":{"line":248,"column":4},"end":{"line":250,"column":null}},"type":"if","locations":[{"start":{"line":248,"column":4},"end":{"line":250,"column":null}},{"start":{},"end":{}}],"line":248},"9":{"loc":{"start":{"line":263,"column":4},"end":{"line":265,"column":null}},"type":"if","locations":[{"start":{"line":263,"column":4},"end":{"line":265,"column":null}},{"start":{},"end":{}}],"line":263},"10":{"loc":{"start":{"line":263,"column":8},"end":{"line":263,"column":36}},"type":"binary-expr","locations":[{"start":{"line":263,"column":8},"end":{"line":263,"column":22}},{"start":{"line":263,"column":22},"end":{"line":263,"column":36}}],"line":263},"11":{"loc":{"start":{"line":271,"column":4},"end":{"line":273,"column":null}},"type":"if","locations":[{"start":{"line":271,"column":4},"end":{"line":273,"column":null}},{"start":{},"end":{}}],"line":271},"12":{"loc":{"start":{"line":298,"column":22},"end":{"line":298,"column":null}},"type":"binary-expr","locations":[{"start":{"line":298,"column":22},"end":{"line":298,"column":45}},{"start":{"line":298,"column":45},"end":{"line":298,"column":null}}],"line":298}},"s":{"0":31,"1":31,"2":31,"3":31,"4":31,"5":31,"6":0,"7":31,"8":0,"9":0,"10":0,"11":0,"12":0,"13":0,"14":0,"15":0,"16":0,"17":0,"18":0,"19":0,"20":5,"21":4,"22":4,"23":3,"24":2,"25":1,"26":1,"27":3,"28":3,"29":4,"30":2,"31":2,"32":2,"33":7,"34":2,"35":5,"36":5,"37":5,"38":7,"39":1,"40":4,"41":4,"42":3,"43":3,"44":3,"45":6,"46":12,"47":30,"48":12,"49":12,"50":3,"51":0,"52":0,"53":0},"f":{"0":31,"1":31,"2":31,"3":0,"4":0,"5":5,"6":4,"7":3,"8":3,"9":4,"10":7,"11":3,"12":6,"13":12,"14":30,"15":12,"16":0},"b":{"0":[0,0,0,0,0,0,0],"1":[0,0],"2":[0,0],"3":[0,0],"4":[0,0],"5":[0,0],"6":[0,0],"7":[2,1],"8":[2,2],"9":[2,5],"10":[7,6],"11":[1,6],"12":[3,0]},"meta":{"lastBranch":13,"lastFunction":17,"lastStatement":54,"seen":{"f:23:2:23:16":0,"s:24:4:34:Infinity":0,"s:36:4:36:Infinity":1,"s:37:4:37:Infinity":2,"f:40:8:40:36":1,"s:41:4:41:Infinity":3,"s:42:4:42:Infinity":4,"f:45:10:45:36":2,"s:46:4:48:Infinity":5,"f:46:58:46:71":3,"s:46:71:48:6":6,"s:50:4:81:Infinity":7,"f:50:57:50:64":4,"s:51:40:51:Infinity":8,"s:53:6:80:Infinity":9,"b:55:10:56:Infinity:57:10:58:Infinity:59:10:60:Infinity:61:10:62:Infinity:63:10:64:Infinity:65:10:66:Infinity:67:10:68:Infinity":0,"s:54:8:69:Infinity":10,"s:56:12:56:Infinity":11,"b:56:46:56:54:56:54:56:56":1,"s:58:12:58:Infinity":12,"b:58:42:58:50:58:50:58:52":2,"s:60:12:60:Infinity":13,"b:60:44:60:52:60:52:60:54":3,"s:62:12:62:Infinity":14,"b:62:45:62:53:62:53:62:55":4,"s:64:12:64:Infinity":15,"b:64:49:64:57:64:57:64:59":5,"s:66:12:66:Infinity":16,"s:68:12:68:Infinity":17,"s:71:29:71:Infinity":18,"b:71:54:71:70:71:70:71:Infinity":6,"s:72:8:79:Infinity":19,"f:84:10:84:29":5,"s:85:4:205:Infinity":20,"f:208:10:208:32":6,"s:209:10:209:Infinity":21,"s:210:4:217:Infinity":22,"f:220:10:220:28":7,"b:221:4:223:Infinity:undefined:undefined:undefined:undefined":7,"s:221:4:223:Infinity":23,"s:222:6:222:Infinity":24,"s:224:10:224:Infinity":25,"s:225:4:232:Infinity":26,"f:235:10:235:30":8,"s:236:10:236:Infinity":27,"s:237:4:244:Infinity":28,"f:247:10:247:31":9,"b:248:4:250:Infinity:undefined:undefined:undefined:undefined":8,"s:248:4:250:Infinity":29,"s:249:6:249:Infinity":30,"s:251:10:251:Infinity":31,"s:252:4:259:Infinity":32,"f:262:10:262:35":10,"b:263:4:265:Infinity:undefined:undefined:undefined:undefined":9,"s:263:4:265:Infinity":33,"b:263:8:263:22:263:22:263:36":10,"s:264:6:264:Infinity":34,"s:267:22:267:Infinity":35,"s:268:18:268:Infinity":36,"s:269:22:269:Infinity":37,"b:271:4:273:Infinity:undefined:undefined:undefined:undefined":11,"s:271:4:273:Infinity":38,"s:272:6:272:Infinity":39,"s:275:19:284:Infinity":40,"s:286:4:293:Infinity":41,"f:296:10:296:27":11,"s:297:17:297:Infinity":42,"s:298:22:298:Infinity":43,"b:298:22:298:45:298:45:298:Infinity":12,"s:300:19:315:Infinity":44,"f:301:31:301:41":12,"s:301:41:310:8":45,"f:303:29:303:40":13,"s:304:26:304:Infinity":46,"f:304:41:304:46":14,"s:304:46:304:64":47,"s:305:10:308:Infinity":48,"f:311:29:311:37":15,"s:311:37:314:8":49,"s:317:4:324:Infinity":50,"f:327:8:327:29":16,"s:328:22:328:Infinity":51,"s:329:4:329:Infinity":52,"s:330:4:330:Infinity":53}}}
,"/home/user/projects/osf-api-mcp/src/__mocks__/swagger-loader.mock.ts": {"path":"/home/user/projects/osf-api-mcp/src/__mocks__/swagger-loader.mock.ts","statementMap":{"0":{"start":{"line":5,"column":6},"end":{"line":5,"column":null}},"1":{"start":{"line":6,"column":6},"end":{"line":6,"column":null}},"2":{"start":{"line":12,"column":17},"end":{"line":12,"column":null}},"3":{"start":{"line":13,"column":8},"end":{"line":13,"column":null}},"4":{"start":{"line":14,"column":2},"end":{"line":14,"column":null}},"5":{"start":{"line":15,"column":2},"end":{"line":15,"column":null}},"6":{"start":{"line":22,"column":17},"end":{"line":22,"column":null}},"7":{"start":{"line":23,"column":8},"end":{"line":23,"column":null}},"8":{"start":{"line":24,"column":2},"end":{"line":24,"column":null}},"9":{"start":{"line":25,"column":2},"end":{"line":25,"column":null}},"10":{"start":{"line":32,"column":2},"end":{"line":32,"column":null}},"11":{"start":{"line":39,"column":2},"end":{"line":39,"column":null}}},"fnMap":{"0":{"name":"createMinimalLoader","decl":{"start":{"line":11,"column":22},"end":{"line":11,"column":68}},"loc":{"start":{"line":11,"column":68},"end":{"line":16,"column":null}},"line":11},"1":{"name":"createEdgeCasesLoader","decl":{"start":{"line":21,"column":22},"end":{"line":21,"column":70}},"loc":{"start":{"line":21,"column":70},"end":{"line":26,"column":null}},"line":21},"2":{"name":"getMinimalFixturePath","decl":{"start":{"line":31,"column":16},"end":{"line":31,"column":48}},"loc":{"start":{"line":31,"column":48},"end":{"line":33,"column":null}},"line":31},"3":{"name":"getEdgeCasesFixturePath","decl":{"start":{"line":38,"column":16},"end":{"line":38,"column":50}},"loc":{"start":{"line":38,"column":50},"end":{"line":40,"column":null}},"line":38}},"branchMap":{},"s":{"0":6,"1":6,"2":86,"3":86,"4":86,"5":86,"6":7,"7":7,"8":7,"9":7,"10":43,"11":4},"f":{"0":86,"1":7,"2":43,"3":4},"b":{},"meta":{"lastBranch":0,"lastFunction":4,"lastStatement":12,"seen":{"s:5:6:5:Infinity":0,"s:6:6:6:Infinity":1,"f:11:22:11:68":0,"s:12:17:12:Infinity":2,"s:13:8:13:Infinity":3,"s:14:2:14:Infinity":4,"s:15:2:15:Infinity":5,"f:21:22:21:70":1,"s:22:17:22:Infinity":6,"s:23:8:23:Infinity":7,"s:24:2:24:Infinity":8,"s:25:2:25:Infinity":9,"f:31:16:31:48":2,"s:32:2:32:Infinity":10,"f:38:16:38:50":3,"s:39:2:39:Infinity":11}}}
,"/home/user/projects/osf-api-mcp/src/search/endpoint-search.ts": {"path":"/home/user/projects/osf-api-mcp/src/search/endpoint-search.ts","statementMap":{"0":{"start":{"line":16,"column":57},"end":{"line":16,"column":null}},"1":{"start":{"line":17,"column":16},"end":{"line":17,"column":null}},"2":{"start":{"line":18,"column":36},"end":{"line":18,"column":null}},"3":{"start":{"line":21,"column":2},"end":{"line":72,"column":null}},"4":{"start":{"line":22,"column":27},"end":{"line":22,"column":null}},"5":{"start":{"line":23,"column":4},"end":{"line":38,"column":null}},"6":{"start":{"line":24,"column":6},"end":{"line":37,"column":null}},"7":{"start":{"line":25,"column":26},"end":{"line":25,"column":null}},"8":{"start":{"line":26,"column":8},"end":{"line":36,"column":null}},"9":{"start":{"line":27,"column":10},"end":{"line":35,"column":null}},"10":{"start":{"line":41,"column":4},"end":{"line":71,"column":null}},"11":{"start":{"line":43,"column":6},"end":{"line":45,"column":null}},"12":{"start":{"line":44,"column":8},"end":{"line":44,"column":null}},"13":{"start":{"line":47,"column":6},"end":{"line":70,"column":null}},"14":{"start":{"line":49,"column":8},"end":{"line":51,"column":null}},"15":{"start":{"line":50,"column":10},"end":{"line":50,"column":null}},"16":{"start":{"line":54,"column":8},"end":{"line":59,"column":null}},"17":{"start":{"line":55,"column":32},"end":{"line":55,"column":null}},"18":{"start":{"line":56,"column":10},"end":{"line":58,"column":null}},"19":{"start":{"line":56,"column":41},"end":{"line":56,"column":80}},"20":{"start":{"line":57,"column":12},"end":{"line":57,"column":null}},"21":{"start":{"line":61,"column":8},"end":{"line":69,"column":null}},"22":{"start":{"line":74,"column":2},"end":{"line":74,"column":null}}},"fnMap":{"0":{"name":"searchEndpoints","decl":{"start":{"line":12,"column":16},"end":{"line":12,"column":null}},"loc":{"start":{"line":15,"column":20},"end":{"line":75,"column":null}},"line":15},"1":{"name":"(anonymous_1)","decl":{"start":{"line":56,"column":36},"end":{"line":56,"column":41}},"loc":{"start":{"line":56,"column":41},"end":{"line":56,"column":80}},"line":56}},"branchMap":{"0":{"loc":{"start":{"line":16,"column":42},"end":{"line":16,"column":53}},"type":"default-arg","locations":[{"start":{"line":16,"column":50},"end":{"line":16,"column":53}}],"line":16},"1":{"loc":{"start":{"line":21,"column":2},"end":{"line":72,"column":null}},"type":"if","locations":[{"start":{"line":21,"column":2},"end":{"line":72,"column":null}},{"start":{"line":39,"column":9},"end":{"line":72,"column":null}}],"line":21},"2":{"loc":{"start":{"line":24,"column":6},"end":{"line":37,"column":null}},"type":"if","locations":[{"start":{"line":24,"column":6},"end":{"line":37,"column":null}},{"start":{},"end":{}}],"line":24},"3":{"loc":{"start":{"line":26,"column":8},"end":{"line":36,"column":null}},"type":"if","locations":[{"start":{"line":26,"column":8},"end":{"line":36,"column":null}},{"start":{},"end":{}}],"line":26},"4":{"loc":{"start":{"line":43,"column":6},"end":{"line":45,"column":null}},"type":"if","locations":[{"start":{"line":43,"column":6},"end":{"line":45,"column":null}},{"start":{},"end":{}}],"line":43},"5":{"loc":{"start":{"line":43,"column":10},"end":{"line":43,"column":71}},"type":"binary-expr","locations":[{"start":{"line":43,"column":10},"end":{"line":43,"column":18}},{"start":{"line":43,"column":18},"end":{"line":43,"column":71}}],"line":43},"6":{"loc":{"start":{"line":49,"column":8},"end":{"line":51,"column":null}},"type":"if","locations":[{"start":{"line":49,"column":8},"end":{"line":51,"column":null}},{"start":{},"end":{}}],"line":49},"7":{"loc":{"start":{"line":49,"column":12},"end":{"line":49,"column":72}},"type":"binary-expr","locations":[{"start":{"line":49,"column":12},"end":{"line":49,"column":22}},{"start":{"line":49,"column":22},"end":{"line":49,"column":72}}],"line":49},"8":{"loc":{"start":{"line":54,"column":8},"end":{"line":59,"column":null}},"type":"if","locations":[{"start":{"line":54,"column":8},"end":{"line":59,"column":null}},{"start":{},"end":{}}],"line":54},"9":{"loc":{"start":{"line":56,"column":10},"end":{"line":58,"column":null}},"type":"if","locations":[{"start":{"line":56,"column":10},"end":{"line":58,"column":null}},{"start":{},"end":{}}],"line":56}},"s":{"0":35,"1":35,"2":35,"3":35,"4":7,"5":7,"6":70,"7":13,"8":13,"9":13,"10":28,"11":196,"12":49,"13":147,"14":216,"15":56,"16":160,"17":53,"18":53,"19":53,"20":34,"21":126,"22":35},"f":{"0":35,"1":53},"b":{"0":[35],"1":[7,28],"2":[13,57],"3":[13,0],"4":[49,147],"5":[196,77],"6":[56,160],"7":[216,91],"8":[53,107],"9":[34,19]},"meta":{"lastBranch":10,"lastFunction":2,"lastStatement":23,"seen":{"f:12:16:12:Infinity":0,"s:16:57:16:Infinity":0,"b:16:50:16:53":0,"s:17:16:17:Infinity":1,"s:18:36:18:Infinity":2,"b:21:2:72:Infinity:39:9:72:Infinity":1,"s:21:2:72:Infinity":3,"s:22:27:22:Infinity":4,"s:23:4:38:Infinity":5,"b:24:6:37:Infinity:undefined:undefined:undefined:undefined":2,"s:24:6:37:Infinity":6,"s:25:26:25:Infinity":7,"b:26:8:36:Infinity:undefined:undefined:undefined:undefined":3,"s:26:8:36:Infinity":8,"s:27:10:35:Infinity":9,"s:41:4:71:Infinity":10,"b:43:6:45:Infinity:undefined:undefined:undefined:undefined":4,"s:43:6:45:Infinity":11,"b:43:10:43:18:43:18:43:71":5,"s:44:8:44:Infinity":12,"s:47:6:70:Infinity":13,"b:49:8:51:Infinity:undefined:undefined:undefined:undefined":6,"s:49:8:51:Infinity":14,"b:49:12:49:22:49:22:49:72":7,"s:50:10:50:Infinity":15,"b:54:8:59:Infinity:undefined:undefined:undefined:undefined":8,"s:54:8:59:Infinity":16,"s:55:32:55:Infinity":17,"b:56:10:58:Infinity:undefined:undefined:undefined:undefined":9,"s:56:10:58:Infinity":18,"f:56:36:56:41":1,"s:56:41:56:80":19,"s:57:12:57:Infinity":20,"s:61:8:69:Infinity":21,"s:74:2:74:Infinity":22}}}
,"/home/user/projects/osf-api-mcp/src/search/fulltext-search.ts": {"path":"/home/user/projects/osf-api-mcp/src/search/fulltext-search.ts","statementMap":{"0":{"start":{"line":13,"column":32},"end":{"line":13,"column":null}},"1":{"start":{"line":14,"column":16},"end":{"line":14,"column":null}},"2":{"start":{"line":17,"column":22},"end":{"line":17,"column":null}},"3":{"start":{"line":18,"column":2},"end":{"line":20,"column":null}},"4":{"start":{"line":19,"column":4},"end":{"line":19,"column":null}},"5":{"start":{"line":23,"column":17},"end":{"line":26,"column":null}},"6":{"start":{"line":28,"column":2},"end":{"line":52,"column":null}},"7":{"start":{"line":29,"column":19},"end":{"line":29,"column":null}},"8":{"start":{"line":30,"column":4},"end":{"line":51,"column":null}},"9":{"start":{"line":31,"column":6},"end":{"line":50,"column":null}},"10":{"start":{"line":32,"column":8},"end":{"line":34,"column":null}},"11":{"start":{"line":33,"column":10},"end":{"line":33,"column":null}},"12":{"start":{"line":35,"column":26},"end":{"line":35,"column":null}},"13":{"start":{"line":38,"column":19},"end":{"line":38,"column":null}},"14":{"start":{"line":39,"column":20},"end":{"line":39,"column":null}},"15":{"start":{"line":40,"column":8},"end":{"line":40,"column":null}},"16":{"start":{"line":43,"column":20},"end":{"line":43,"column":null}},"17":{"start":{"line":44,"column":8},"end":{"line":46,"column":null}},"18":{"start":{"line":45,"column":10},"end":{"line":45,"column":null}},"19":{"start":{"line":47,"column":8},"end":{"line":49,"column":null}},"20":{"start":{"line":48,"column":10},"end":{"line":48,"column":null}},"21":{"start":{"line":55,"column":42},"end":{"line":55,"column":null}},"22":{"start":{"line":56,"column":2},"end":{"line":66,"column":null}},"23":{"start":{"line":57,"column":16},"end":{"line":57,"column":null}},"24":{"start":{"line":58,"column":4},"end":{"line":65,"column":null}},"25":{"start":{"line":68,"column":2},"end":{"line":68,"column":null}},"26":{"start":{"line":68,"column":25},"end":{"line":68,"column":42}},"27":{"start":{"line":69,"column":2},"end":{"line":69,"column":null}},"28":{"start":{"line":73,"column":2},"end":{"line":77,"column":null}},"29":{"start":{"line":77,"column":20},"end":{"line":77,"column":35}}},"fnMap":{"0":{"name":"fulltextSearch","decl":{"start":{"line":9,"column":16},"end":{"line":9,"column":null}},"loc":{"start":{"line":12,"column":26},"end":{"line":70,"column":null}},"line":12},"1":{"name":"(anonymous_1)","decl":{"start":{"line":68,"column":15},"end":{"line":68,"column":16}},"loc":{"start":{"line":68,"column":25},"end":{"line":68,"column":42}},"line":68},"2":{"name":"tokenize","decl":{"start":{"line":72,"column":9},"end":{"line":72,"column":18}},"loc":{"start":{"line":72,"column":42},"end":{"line":78,"column":null}},"line":72},"3":{"name":"(anonymous_3)","decl":{"start":{"line":77,"column":12},"end":{"line":77,"column":20}},"loc":{"start":{"line":77,"column":20},"end":{"line":77,"column":35}},"line":77}},"branchMap":{"0":{"loc":{"start":{"line":13,"column":17},"end":{"line":13,"column":28}},"type":"default-arg","locations":[{"start":{"line":13,"column":25},"end":{"line":13,"column":28}}],"line":13},"1":{"loc":{"start":{"line":18,"column":2},"end":{"line":20,"column":null}},"type":"if","locations":[{"start":{"line":18,"column":2},"end":{"line":20,"column":null}},{"start":{},"end":{}}],"line":18},"2":{"loc":{"start":{"line":30,"column":4},"end":{"line":51,"column":null}},"type":"if","locations":[{"start":{"line":30,"column":4},"end":{"line":51,"column":null}},{"start":{},"end":{}}],"line":30},"3":{"loc":{"start":{"line":32,"column":8},"end":{"line":34,"column":null}},"type":"if","locations":[{"start":{"line":32,"column":8},"end":{"line":34,"column":null}},{"start":{},"end":{}}],"line":32},"4":{"loc":{"start":{"line":44,"column":8},"end":{"line":46,"column":null}},"type":"if","locations":[{"start":{"line":44,"column":8},"end":{"line":46,"column":null}},{"start":{},"end":{}}],"line":44},"5":{"loc":{"start":{"line":47,"column":8},"end":{"line":49,"column":null}},"type":"if","locations":[{"start":{"line":47,"column":8},"end":{"line":49,"column":null}},{"start":{},"end":{}}],"line":47}},"s":{"0":25,"1":25,"2":25,"3":25,"4":5,"5":20,"6":20,"7":27,"8":27,"9":26,"10":59,"11":51,"12":59,"13":59,"14":59,"15":59,"16":59,"17":59,"18":43,"19":59,"20":53,"21":20,"22":20,"23":51,"24":51,"25":20,"26":41,"27":20,"28":25,"29":37},"f":{"0":25,"1":41,"2":25,"3":37},"b":{"0":[25],"1":[5,20],"2":[26,1],"3":[51,8],"4":[43,16],"5":[53,6]},"meta":{"lastBranch":6,"lastFunction":4,"lastStatement":30,"seen":{"f:9:16:9:Infinity":0,"s:13:32:13:Infinity":0,"b:13:25:13:28":0,"s:14:16:14:Infinity":1,"s:17:22:17:Infinity":2,"b:18:2:20:Infinity:undefined:undefined:undefined:undefined":1,"s:18:2:20:Infinity":3,"s:19:4:19:Infinity":4,"s:23:17:26:Infinity":5,"s:28:2:52:Infinity":6,"s:29:19:29:Infinity":7,"b:30:4:51:Infinity:undefined:undefined:undefined:undefined":2,"s:30:4:51:Infinity":8,"s:31:6:50:Infinity":9,"b:32:8:34:Infinity:undefined:undefined:undefined:undefined":3,"s:32:8:34:Infinity":10,"s:33:10:33:Infinity":11,"s:35:26:35:Infinity":12,"s:38:19:38:Infinity":13,"s:39:20:39:Infinity":14,"s:40:8:40:Infinity":15,"s:43:20:43:Infinity":16,"b:44:8:46:Infinity:undefined:undefined:undefined:undefined":4,"s:44:8:46:Infinity":17,"s:45:10:45:Infinity":18,"b:47:8:49:Infinity:undefined:undefined:undefined:undefined":5,"s:47:8:49:Infinity":19,"s:48:10:48:Infinity":20,"s:55:42:55:Infinity":21,"s:56:2:66:Infinity":22,"s:57:16:57:Infinity":23,"s:58:4:65:Infinity":24,"s:68:2:68:Infinity":25,"f:68:15:68:16":1,"s:68:25:68:42":26,"s:69:2:69:Infinity":27,"f:72:9:72:18":2,"s:73:2:77:Infinity":28,"f:77:12:77:20":3,"s:77:20:77:35":29}}}
,"/home/user/projects/osf-api-mcp/src/search/schema-search.ts": {"path":"/home/user/projects/osf-api-mcp/src/search/schema-search.ts","statementMap":{"0":{"start":{"line":15,"column":49},"end":{"line":15,"column":null}},"1":{"start":{"line":16,"column":16},"end":{"line":16,"column":null}},"2":{"start":{"line":17,"column":34},"end":{"line":17,"column":null}},"3":{"start":{"line":19,"column":2},"end":{"line":52,"column":null}},"4":{"start":{"line":21,"column":27},"end":{"line":21,"column":null}},"5":{"start":{"line":22,"column":4},"end":{"line":26,"column":null}},"6":{"start":{"line":23,"column":6},"end":{"line":25,"column":null}},"7":{"start":{"line":24,"column":8},"end":{"line":24,"column":null}},"8":{"start":{"line":27,"column":2},"end":{"line":52,"column":null}},"9":{"start":{"line":29,"column":27},"end":{"line":29,"column":null}},"10":{"start":{"line":30,"column":4},"end":{"line":34,"column":null}},"11":{"start":{"line":31,"column":6},"end":{"line":33,"column":null}},"12":{"start":{"line":32,"column":8},"end":{"line":32,"column":null}},"13":{"start":{"line":35,"column":2},"end":{"line":52,"column":null}},"14":{"start":{"line":37,"column":22},"end":{"line":37,"column":null}},"15":{"start":{"line":38,"column":22},"end":{"line":38,"column":null}},"16":{"start":{"line":40,"column":4},"end":{"line":51,"column":null}},"17":{"start":{"line":41,"column":6},"end":{"line":50,"column":null}},"18":{"start":{"line":42,"column":8},"end":{"line":49,"column":null}},"19":{"start":{"line":43,"column":10},"end":{"line":48,"column":null}},"20":{"start":{"line":55,"column":24},"end":{"line":55,"column":null}},"21":{"start":{"line":56,"column":2},"end":{"line":61,"column":null}},"22":{"start":{"line":57,"column":16},"end":{"line":57,"column":null}},"23":{"start":{"line":58,"column":4},"end":{"line":60,"column":null}},"24":{"start":{"line":59,"column":6},"end":{"line":59,"column":null}},"25":{"start":{"line":63,"column":2},"end":{"line":63,"column":null}}},"fnMap":{"0":{"name":"searchSchemas","decl":{"start":{"line":11,"column":16},"end":{"line":11,"column":null}},"loc":{"start":{"line":14,"column":18},"end":{"line":64,"column":null}},"line":14}},"branchMap":{"0":{"loc":{"start":{"line":19,"column":2},"end":{"line":52,"column":null}},"type":"if","locations":[{"start":{"line":19,"column":2},"end":{"line":52,"column":null}},{"start":{"line":27,"column":2},"end":{"line":52,"column":null}}],"line":19},"1":{"loc":{"start":{"line":23,"column":6},"end":{"line":25,"column":null}},"type":"if","locations":[{"start":{"line":23,"column":6},"end":{"line":25,"column":null}},{"start":{},"end":{}}],"line":23},"2":{"loc":{"start":{"line":27,"column":2},"end":{"line":52,"column":null}},"type":"if","locations":[{"start":{"line":27,"column":2},"end":{"line":52,"column":null}},{"start":{"line":35,"column":2},"end":{"line":52,"column":null}}],"line":27},"3":{"loc":{"start":{"line":31,"column":6},"end":{"line":33,"column":null}},"type":"if","locations":[{"start":{"line":31,"column":6},"end":{"line":33,"column":null}},{"start":{},"end":{}}],"line":31},"4":{"loc":{"start":{"line":35,"column":2},"end":{"line":52,"column":null}},"type":"if","locations":[{"start":{"line":35,"column":2},"end":{"line":52,"column":null}},{"start":{},"end":{}}],"line":35},"5":{"loc":{"start":{"line":35,"column":13},"end":{"line":35,"column":29}},"type":"binary-expr","locations":[{"start":{"line":35,"column":13},"end":{"line":35,"column":21}},{"start":{"line":35,"column":21},"end":{"line":35,"column":29}}],"line":35},"6":{"loc":{"start":{"line":40,"column":4},"end":{"line":51,"column":null}},"type":"if","locations":[{"start":{"line":40,"column":4},"end":{"line":51,"column":null}},{"start":{},"end":{}}],"line":40},"7":{"loc":{"start":{"line":42,"column":8},"end":{"line":49,"column":null}},"type":"if","locations":[{"start":{"line":42,"column":8},"end":{"line":49,"column":null}},{"start":{},"end":{}}],"line":42},"8":{"loc":{"start":{"line":44,"column":24},"end":{"line":44,"column":null}},"type":"binary-expr","locations":[{"start":{"line":44,"column":24},"end":{"line":44,"column":58}},{"start":{"line":44,"column":58},"end":{"line":44,"column":null}}],"line":44},"9":{"loc":{"start":{"line":58,"column":4},"end":{"line":60,"column":null}},"type":"if","locations":[{"start":{"line":58,"column":4},"end":{"line":60,"column":null}},{"start":{},"end":{}}],"line":58}},"s":{"0":31,"1":31,"2":31,"3":31,"4":10,"5":10,"6":70,"7":13,"8":21,"9":11,"10":11,"11":81,"12":13,"13":10,"14":6,"15":6,"16":6,"17":4,"18":4,"19":3,"20":31,"21":31,"22":53,"23":53,"24":53,"25":31},"f":{"0":31},"b":{"0":[10,21],"1":[13,57],"2":[11,10],"3":[13,68],"4":[6,4],"5":[10,7],"6":[4,2],"7":[3,1],"8":[3,0],"9":[53,0]},"meta":{"lastBranch":10,"lastFunction":1,"lastStatement":26,"seen":{"f:11:16:11:Infinity":0,"s:15:49:15:Infinity":0,"s:16:16:16:Infinity":1,"s:17:34:17:Infinity":2,"b:19:2:52:Infinity:27:2:52:Infinity":0,"s:19:2:52:Infinity":3,"s:21:27:21:Infinity":4,"s:22:4:26:Infinity":5,"b:23:6:25:Infinity:undefined:undefined:undefined:undefined":1,"s:23:6:25:Infinity":6,"s:24:8:24:Infinity":7,"b:27:2:52:Infinity:35:2:52:Infinity":2,"s:27:2:52:Infinity":8,"s:29:27:29:Infinity":9,"s:30:4:34:Infinity":10,"b:31:6:33:Infinity:undefined:undefined:undefined:undefined":3,"s:31:6:33:Infinity":11,"s:32:8:32:Infinity":12,"b:35:2:52:Infinity:undefined:undefined:undefined:undefined":4,"s:35:2:52:Infinity":13,"b:35:13:35:21:35:21:35:29":5,"s:37:22:37:Infinity":14,"s:38:22:38:Infinity":15,"b:40:4:51:Infinity:undefined:undefined:undefined:undefined":6,"s:40:4:51:Infinity":16,"s:41:6:50:Infinity":17,"b:42:8:49:Infinity:undefined:undefined:undefined:undefined":7,"s:42:8:49:Infinity":18,"s:43:10:48:Infinity":19,"b:44:24:44:58:44:58:44:Infinity":8,"s:55:24:55:Infinity":20,"s:56:2:61:Infinity":21,"s:57:16:57:Infinity":22,"b:58:4:60:Infinity:undefined:undefined:undefined:undefined":9,"s:58:4:60:Infinity":23,"s:59:6:59:Infinity":24,"s:63:2:63:Infinity":25}}}
,"/home/user/projects/osf-api-mcp/src/search/tag-search.ts": {"path":"/home/user/projects/osf-api-mcp/src/search/tag-search.ts","statementMap":{"0":{"start":{"line":13,"column":46},"end":{"line":13,"column":null}},"1":{"start":{"line":14,"column":15},"end":{"line":14,"column":null}},"2":{"start":{"line":15,"column":16},"end":{"line":15,"column":null}},"3":{"start":{"line":16,"column":37},"end":{"line":16,"column":null}},"4":{"start":{"line":18,"column":24},"end":{"line":18,"column":null}},"5":{"start":{"line":20,"column":2},"end":{"line":35,"column":null}},"6":{"start":{"line":21,"column":4},"end":{"line":34,"column":null}},"7":{"start":{"line":24,"column":6},"end":{"line":27,"column":null}},"8":{"start":{"line":25,"column":24},"end":{"line":25,"column":null}},"9":{"start":{"line":25,"column":44},"end":{"line":25,"column":62}},"10":{"start":{"line":26,"column":8},"end":{"line":26,"column":null}},"11":{"start":{"line":29,"column":6},"end":{"line":33,"column":null}},"12":{"start":{"line":37,"column":2},"end":{"line":37,"column":null}}},"fnMap":{"0":{"name":"searchByTag","decl":{"start":{"line":9,"column":16},"end":{"line":9,"column":null}},"loc":{"start":{"line":12,"column":21},"end":{"line":38,"column":null}},"line":12},"1":{"name":"(anonymous_1)","decl":{"start":{"line":25,"column":39},"end":{"line":25,"column":44}},"loc":{"start":{"line":25,"column":44},"end":{"line":25,"column":62}},"line":25}},"branchMap":{"0":{"loc":{"start":{"line":13,"column":15},"end":{"line":13,"column":42}},"type":"default-arg","locations":[{"start":{"line":13,"column":36},"end":{"line":13,"column":42}}],"line":13},"1":{"loc":{"start":{"line":21,"column":4},"end":{"line":34,"column":null}},"type":"if","locations":[{"start":{"line":21,"column":4},"end":{"line":34,"column":null}},{"start":{},"end":{}}],"line":21},"2":{"loc":{"start":{"line":24,"column":6},"end":{"line":27,"column":null}},"type":"if","locations":[{"start":{"line":24,"column":6},"end":{"line":27,"column":null}},{"start":{},"end":{}}],"line":24}},"s":{"0":18,"1":18,"2":18,"3":18,"4":18,"5":18,"6":72,"7":21,"8":2,"9":4,"10":2,"11":21,"12":18},"f":{"0":18,"1":4},"b":{"0":[18],"1":[21,51],"2":[2,19]},"meta":{"lastBranch":3,"lastFunction":2,"lastStatement":13,"seen":{"f:9:16:9:Infinity":0,"s:13:46:13:Infinity":0,"b:13:36:13:42":0,"s:14:15:14:Infinity":1,"s:15:16:15:Infinity":2,"s:16:37:16:Infinity":3,"s:18:24:18:Infinity":4,"s:20:2:35:Infinity":5,"b:21:4:34:Infinity:undefined:undefined:undefined:undefined":1,"s:21:4:34:Infinity":6,"b:24:6:27:Infinity:undefined:undefined:undefined:undefined":2,"s:24:6:27:Infinity":7,"s:25:24:25:Infinity":8,"f:25:39:25:44":1,"s:25:44:25:62":9,"s:26:8:26:Infinity":10,"s:29:6:33:Infinity":11,"s:37:2:37:Infinity":12}}}
,"/home/user/projects/osf-api-mcp/src/utils/swagger-loader.ts": {"path":"/home/user/projects/osf-api-mcp/src/utils/swagger-loader.ts","statementMap":{"0":{"start":{"line":15,"column":6},"end":{"line":15,"column":null}},"1":{"start":{"line":16,"column":6},"end":{"line":16,"column":null}},"2":{"start":{"line":19,"column":37},"end":{"line":19,"column":null}},"3":{"start":{"line":20,"column":48},"end":{"line":20,"column":null}},"4":{"start":{"line":21,"column":44},"end":{"line":21,"column":null}},"5":{"start":{"line":22,"column":48},"end":{"line":22,"column":null}},"6":{"start":{"line":25,"column":21},"end":{"line":25,"column":null}},"7":{"start":{"line":26,"column":20},"end":{"line":26,"column":null}},"8":{"start":{"line":27,"column":4},"end":{"line":27,"column":null}},"9":{"start":{"line":28,"column":4},"end":{"line":28,"column":null}},"10":{"start":{"line":32,"column":4},"end":{"line":34,"column":null}},"11":{"start":{"line":33,"column":6},"end":{"line":33,"column":null}},"12":{"start":{"line":35,"column":4},"end":{"line":35,"column":null}},"13":{"start":{"line":39,"column":4},"end":{"line":41,"column":null}},"14":{"start":{"line":40,"column":6},"end":{"line":40,"column":null}},"15":{"start":{"line":42,"column":4},"end":{"line":42,"column":null}},"16":{"start":{"line":46,"column":4},"end":{"line":48,"column":null}},"17":{"start":{"line":47,"column":6},"end":{"line":47,"column":null}},"18":{"start":{"line":49,"column":4},"end":{"line":49,"column":null}},"19":{"start":{"line":53,"column":4},"end":{"line":55,"column":null}},"20":{"start":{"line":54,"column":6},"end":{"line":54,"column":null}},"21":{"start":{"line":56,"column":4},"end":{"line":56,"column":null}},"22":{"start":{"line":60,"column":4},"end":{"line":62,"column":null}},"23":{"start":{"line":61,"column":6},"end":{"line":61,"column":null}},"24":{"start":{"line":64,"column":4},"end":{"line":64,"column":null}},"25":{"start":{"line":65,"column":4},"end":{"line":65,"column":null}},"26":{"start":{"line":66,"column":4},"end":{"line":66,"column":null}},"27":{"start":{"line":70,"column":18},"end":{"line":70,"column":null}},"28":{"start":{"line":71,"column":17},"end":{"line":71,"column":null}},"29":{"start":{"line":72,"column":25},"end":{"line":72,"column":null}},"30":{"start":{"line":74,"column":4},"end":{"line":110,"column":null}},"31":{"start":{"line":75,"column":24},"end":{"line":75,"column":null}},"32":{"start":{"line":77,"column":6},"end":{"line":105,"column":null}},"33":{"start":{"line":78,"column":26},"end":{"line":78,"column":null}},"34":{"start":{"line":79,"column":8},"end":{"line":104,"column":null}},"35":{"start":{"line":80,"column":10},"end":{"line":80,"column":null}},"36":{"start":{"line":83,"column":10},"end":{"line":98,"column":null}},"37":{"start":{"line":84,"column":12},"end":{"line":97,"column":null}},"38":{"start":{"line":85,"column":14},"end":{"line":87,"column":null}},"39":{"start":{"line":86,"column":16},"end":{"line":86,"column":null}},"40":{"start":{"line":88,"column":14},"end":{"line":96,"column":null}},"41":{"start":{"line":101,"column":10},"end":{"line":103,"column":null}},"42":{"start":{"line":102,"column":12},"end":{"line":102,"column":null}},"43":{"start":{"line":107,"column":6},"end":{"line":109,"column":null}},"44":{"start":{"line":108,"column":8},"end":{"line":108,"column":null}},"45":{"start":{"line":112,"column":4},"end":{"line":112,"column":null}},"46":{"start":{"line":116,"column":19},"end":{"line":116,"column":null}},"47":{"start":{"line":117,"column":23},"end":{"line":117,"column":null}},"48":{"start":{"line":119,"column":4},"end":{"line":147,"column":null}},"49":{"start":{"line":120,"column":6},"end":{"line":146,"column":null}},"50":{"start":{"line":121,"column":26},"end":{"line":121,"column":null}},"51":{"start":{"line":122,"column":8},"end":{"line":145,"column":null}},"52":{"start":{"line":123,"column":10},"end":{"line":144,"column":null}},"53":{"start":{"line":124,"column":12},"end":{"line":143,"column":null}},"54":{"start":{"line":125,"column":33},"end":{"line":125,"column":null}},"55":{"start":{"line":126,"column":49},"end":{"line":131,"column":null}},"56":{"start":{"line":134,"column":14},"end":{"line":139,"column":null}},"57":{"start":{"line":135,"column":16},"end":{"line":137,"column":null}},"58":{"start":{"line":136,"column":18},"end":{"line":136,"column":null}},"59":{"start":{"line":138,"column":16},"end":{"line":138,"column":null}},"60":{"start":{"line":142,"column":14},"end":{"line":142,"column":null}},"61":{"start":{"line":149,"column":4},"end":{"line":149,"column":null}},"62":{"start":{"line":157,"column":4},"end":{"line":164,"column":null}},"63":{"start":{"line":158,"column":6},"end":{"line":163,"column":null}},"64":{"start":{"line":159,"column":8},"end":{"line":161,"column":null}},"65":{"start":{"line":160,"column":10},"end":{"line":160,"column":null}},"66":{"start":{"line":162,"column":8},"end":{"line":162,"column":null}},"67":{"start":{"line":166,"column":4},"end":{"line":168,"column":null}},"68":{"start":{"line":167,"column":6},"end":{"line":167,"column":null}},"69":{"start":{"line":172,"column":18},"end":{"line":172,"column":null}},"70":{"start":{"line":173,"column":22},"end":{"line":179,"column":null}},"71":{"start":{"line":181,"column":4},"end":{"line":216,"column":null}},"72":{"start":{"line":182,"column":6},"end":{"line":215,"column":null}},"73":{"start":{"line":183,"column":26},"end":{"line":183,"column":null}},"74":{"start":{"line":184,"column":8},"end":{"line":214,"column":null}},"75":{"start":{"line":185,"column":24},"end":{"line":185,"column":null}},"76":{"start":{"line":186,"column":41},"end":{"line":186,"column":null}},"77":{"start":{"line":188,"column":10},"end":{"line":188,"column":null}},"78":{"start":{"line":188,"column":33},"end":{"line":188,"column":null}},"79":{"start":{"line":189,"column":10},"end":{"line":189,"column":null}},"80":{"start":{"line":189,"column":37},"end":{"line":189,"column":null}},"81":{"start":{"line":190,"column":10},"end":{"line":195,"column":null}},"82":{"start":{"line":191,"column":12},"end":{"line":194,"column":null}},"83":{"start":{"line":192,"column":14},"end":{"line":192,"column":null}},"84":{"start":{"line":192,"column":37},"end":{"line":192,"column":null}},"85":{"start":{"line":193,"column":14},"end":{"line":193,"column":null}},"86":{"start":{"line":197,"column":26},"end":{"line":197,"column":null}},"87":{"start":{"line":198,"column":10},"end":{"line":204,"column":null}},"88":{"start":{"line":207,"column":25},"end":{"line":207,"column":null}},"89":{"start":{"line":208,"column":10},"end":{"line":213,"column":null}},"90":{"start":{"line":209,"column":12},"end":{"line":211,"column":null}},"91":{"start":{"line":210,"column":14},"end":{"line":210,"column":null}},"92":{"start":{"line":212,"column":12},"end":{"line":212,"column":null}},"93":{"start":{"line":218,"column":4},"end":{"line":218,"column":null}},"94":{"start":{"line":222,"column":4},"end":{"line":226,"column":null}},"95":{"start":{"line":226,"column":22},"end":{"line":226,"column":37}}},"fnMap":{"0":{"name":"(anonymous_0)","decl":{"start":{"line":24,"column":8},"end":{"line":24,"column":13}},"loc":{"start":{"line":24,"column":50},"end":{"line":29,"column":null}},"line":24},"1":{"name":"(anonymous_1)","decl":{"start":{"line":31,"column":2},"end":{"line":31,"column":25}},"loc":{"start":{"line":31,"column":25},"end":{"line":36,"column":null}},"line":31},"2":{"name":"(anonymous_2)","decl":{"start":{"line":38,"column":2},"end":{"line":38,"column":36}},"loc":{"start":{"line":38,"column":36},"end":{"line":43,"column":null}},"line":38},"3":{"name":"(anonymous_3)","decl":{"start":{"line":45,"column":2},"end":{"line":45,"column":32}},"loc":{"start":{"line":45,"column":32},"end":{"line":50,"column":null}},"line":45},"4":{"name":"(anonymous_4)","decl":{"start":{"line":52,"column":2},"end":{"line":52,"column":36}},"loc":{"start":{"line":52,"column":36},"end":{"line":57,"column":null}},"line":52},"5":{"name":"(anonymous_5)","decl":{"start":{"line":59,"column":10},"end":{"line":59,"column":31}},"loc":{"start":{"line":59,"column":31},"end":{"line":67,"column":null}},"line":59},"6":{"name":"(anonymous_6)","decl":{"start":{"line":69,"column":10},"end":{"line":69,"column":46}},"loc":{"start":{"line":69,"column":46},"end":{"line":113,"column":null}},"line":69},"7":{"name":"(anonymous_7)","decl":{"start":{"line":115,"column":10},"end":{"line":115,"column":42}},"loc":{"start":{"line":115,"column":42},"end":{"line":150,"column":null}},"line":115},"8":{"name":"(anonymous_8)","decl":{"start":{"line":152,"column":10},"end":{"line":152,"column":null}},"loc":{"start":{"line":156,"column":10},"end":{"line":169,"column":null}},"line":156},"9":{"name":"(anonymous_9)","decl":{"start":{"line":171,"column":10},"end":{"line":171,"column":46}},"loc":{"start":{"line":171,"column":46},"end":{"line":219,"column":null}},"line":171},"10":{"name":"(anonymous_10)","decl":{"start":{"line":221,"column":10},"end":{"line":221,"column":19}},"loc":{"start":{"line":221,"column":43},"end":{"line":227,"column":null}},"line":221},"11":{"name":"(anonymous_11)","decl":{"start":{"line":226,"column":14},"end":{"line":226,"column":22}},"loc":{"start":{"line":226,"column":22},"end":{"line":226,"column":37}},"line":226}},"branchMap":{"0":{"loc":{"start":{"line":25,"column":21},"end":{"line":25,"column":null}},"type":"binary-expr","locations":[{"start":{"line":25,"column":21},"end":{"line":25,"column":36}},{"start":{"line":25,"column":21},"end":{"line":25,"column":null}}],"line":25},"1":{"loc":{"start":{"line":32,"column":4},"end":{"line":34,"column":null}},"type":"if","locations":[{"start":{"line":32,"column":4},"end":{"line":34,"column":null}},{"start":{},"end":{}}],"line":32},"2":{"loc":{"start":{"line":39,"column":4},"end":{"line":41,"column":null}},"type":"if","locations":[{"start":{"line":39,"column":4},"end":{"line":41,"column":null}},{"start":{},"end":{}}],"line":39},"3":{"loc":{"start":{"line":46,"column":4},"end":{"line":48,"column":null}},"type":"if","locations":[{"start":{"line":46,"column":4},"end":{"line":48,"column":null}},{"start":{},"end":{}}],"line":46},"4":{"loc":{"start":{"line":53,"column":4},"end":{"line":55,"column":null}},"type":"if","locations":[{"start":{"line":53,"column":4},"end":{"line":55,"column":null}},{"start":{},"end":{}}],"line":53},"5":{"loc":{"start":{"line":60,"column":4},"end":{"line":62,"column":null}},"type":"if","locations":[{"start":{"line":60,"column":4},"end":{"line":62,"column":null}},{"start":{},"end":{}}],"line":60},"6":{"loc":{"start":{"line":79,"column":8},"end":{"line":104,"column":null}},"type":"if","locations":[{"start":{"line":79,"column":8},"end":{"line":104,"column":null}},{"start":{},"end":{}}],"line":79},"7":{"loc":{"start":{"line":83,"column":10},"end":{"line":98,"column":null}},"type":"if","locations":[{"start":{"line":83,"column":10},"end":{"line":98,"column":null}},{"start":{},"end":{}}],"line":83},"8":{"loc":{"start":{"line":85,"column":14},"end":{"line":87,"column":null}},"type":"if","locations":[{"start":{"line":85,"column":14},"end":{"line":87,"column":null}},{"start":{},"end":{}}],"line":85},"9":{"loc":{"start":{"line":101,"column":10},"end":{"line":103,"column":null}},"type":"if","locations":[{"start":{"line":101,"column":10},"end":{"line":103,"column":null}},{"start":{},"end":{}}],"line":101},"10":{"loc":{"start":{"line":107,"column":6},"end":{"line":109,"column":null}},"type":"if","locations":[{"start":{"line":107,"column":6},"end":{"line":109,"column":null}},{"start":{},"end":{}}],"line":107},"11":{"loc":{"start":{"line":122,"column":8},"end":{"line":145,"column":null}},"type":"if","locations":[{"start":{"line":122,"column":8},"end":{"line":145,"column":null}},{"start":{},"end":{}}],"line":122},"12":{"loc":{"start":{"line":124,"column":12},"end":{"line":143,"column":null}},"type":"if","locations":[{"start":{"line":124,"column":12},"end":{"line":143,"column":null}},{"start":{},"end":{}}],"line":124},"13":{"loc":{"start":{"line":125,"column":33},"end":{"line":125,"column":null}},"type":"binary-expr","locations":[{"start":{"line":125,"column":33},"end":{"line":125,"column":67}},{"start":{"line":125,"column":67},"end":{"line":125,"column":null}}],"line":125},"14":{"loc":{"start":{"line":134,"column":14},"end":{"line":139,"column":null}},"type":"if","locations":[{"start":{"line":134,"column":14},"end":{"line":139,"column":null}},{"start":{},"end":{}}],"line":134},"15":{"loc":{"start":{"line":135,"column":16},"end":{"line":137,"column":null}},"type":"if","locations":[{"start":{"line":135,"column":16},"end":{"line":137,"column":null}},{"start":{},"end":{}}],"line":135},"16":{"loc":{"start":{"line":157,"column":4},"end":{"line":164,"column":null}},"type":"if","locations":[{"start":{"line":157,"column":4},"end":{"line":164,"column":null}},{"start":{},"end":{}}],"line":157},"17":{"loc":{"start":{"line":159,"column":8},"end":{"line":161,"column":null}},"type":"if","locations":[{"start":{"line":159,"column":8},"end":{"line":161,"column":null}},{"start":{},"end":{}}],"line":159},"18":{"loc":{"start":{"line":166,"column":4},"end":{"line":168,"column":null}},"type":"if","locations":[{"start":{"line":166,"column":4},"end":{"line":168,"column":null}},{"start":{},"end":{}}],"line":166},"19":{"loc":{"start":{"line":184,"column":8},"end":{"line":214,"column":null}},"type":"if","locations":[{"start":{"line":184,"column":8},"end":{"line":214,"column":null}},{"start":{},"end":{}}],"line":184},"20":{"loc":{"start":{"line":188,"column":10},"end":{"line":188,"column":null}},"type":"if","locations":[{"start":{"line":188,"column":10},"end":{"line":188,"column":null}},{"start":{},"end":{}}],"line":188},"21":{"loc":{"start":{"line":189,"column":10},"end":{"line":189,"column":null}},"type":"if","locations":[{"start":{"line":189,"column":10},"end":{"line":189,"column":null}},{"start":{},"end":{}}],"line":189},"22":{"loc":{"start":{"line":190,"column":10},"end":{"line":195,"column":null}},"type":"if","locations":[{"start":{"line":190,"column":10},"end":{"line":195,"column":null}},{"start":{},"end":{}}],"line":190},"23":{"loc":{"start":{"line":192,"column":14},"end":{"line":192,"column":null}},"type":"if","locations":[{"start":{"line":192,"column":14},"end":{"line":192,"column":null}},{"start":{},"end":{}}],"line":192},"24":{"loc":{"start":{"line":209,"column":12},"end":{"line":211,"column":null}},"type":"if","locations":[{"start":{"line":209,"column":12},"end":{"line":211,"column":null}},{"start":{},"end":{}}],"line":209}},"s":{"0":6,"1":6,"2":145,"3":145,"4":145,"5":145,"6":141,"7":141,"8":140,"9":140,"10":23,"11":1,"12":22,"13":71,"14":1,"15":70,"16":37,"17":1,"18":36,"19":32,"20":1,"21":31,"22":140,"23":0,"24":140,"25":140,"26":140,"27":140,"28":140,"29":140,"30":140,"31":980,"32":980,"33":6860,"34":6860,"35":1367,"36":1367,"37":1367,"38":1367,"39":527,"40":1367,"41":1367,"42":1367,"43":980,"44":980,"45":140,"46":140,"47":140,"48":140,"49":980,"50":6860,"51":6860,"52":1367,"53":1367,"54":947,"55":947,"56":947,"57":925,"58":925,"59":925,"60":947,"61":140,"62":1474,"63":947,"64":2237,"65":1194,"66":2237,"67":1474,"68":527,"69":140,"70":140,"71":140,"72":980,"73":6860,"74":6860,"75":1367,"76":1367,"77":1367,"78":1367,"79":1367,"80":1367,"81":1367,"82":387,"83":387,"84":258,"85":387,"86":1367,"87":1367,"88":1367,"89":1367,"90":10497,"91":3975,"92":10497,"93":140,"94":1367,"95":13423},"f":{"0":141,"1":23,"2":71,"3":37,"4":32,"5":140,"6":140,"7":140,"8":1474,"9":140,"10":1367,"11":13423},"b":{"0":[141,0],"1":[1,22],"2":[1,70],"3":[1,36],"4":[1,31],"5":[0,140],"6":[1367,5493],"7":[1367,0],"8":[527,840],"9":[1367,0],"10":[980,0],"11":[1367,5493],"12":[947,420],"13":[947,22],"14":[925,22],"15":[925,0],"16":[947,527],"17":[1194,1043],"18":[527,947],"19":[1367,5493],"20":[1367,0],"21":[1367,0],"22":[387,980],"23":[258,129],"24":[3975,6522]},"meta":{"lastBranch":25,"lastFunction":12,"lastStatement":96,"seen":{"s:15:6:15:Infinity":0,"s:16:6:16:Infinity":1,"s:19:37:19:Infinity":2,"s:20:48:20:Infinity":3,"s:21:44:21:Infinity":4,"s:22:48:22:Infinity":5,"f:24:8:24:13":0,"s:25:21:25:Infinity":6,"b:25:21:25:36:25:21:25:Infinity":0,"s:26:20:26:Infinity":7,"s:27:4:27:Infinity":8,"s:28:4:28:Infinity":9,"f:31:2:31:25":1,"b:32:4:34:Infinity:undefined:undefined:undefined:undefined":1,"s:32:4:34:Infinity":10,"s:33:6:33:Infinity":11,"s:35:4:35:Infinity":12,"f:38:2:38:36":2,"b:39:4:41:Infinity:undefined:undefined:undefined:undefined":2,"s:39:4:41:Infinity":13,"s:40:6:40:Infinity":14,"s:42:4:42:Infinity":15,"f:45:2:45:32":3,"b:46:4:48:Infinity:undefined:undefined:undefined:undefined":3,"s:46:4:48:Infinity":16,"s:47:6:47:Infinity":17,"s:49:4:49:Infinity":18,"f:52:2:52:36":4,"b:53:4:55:Infinity:undefined:undefined:undefined:undefined":4,"s:53:4:55:Infinity":19,"s:54:6:54:Infinity":20,"s:56:4:56:Infinity":21,"f:59:10:59:31":5,"b:60:4:62:Infinity:undefined:undefined:undefined:undefined":5,"s:60:4:62:Infinity":22,"s:61:6:61:Infinity":23,"s:64:4:64:Infinity":24,"s:65:4:65:Infinity":25,"s:66:4:66:Infinity":26,"f:69:10:69:46":6,"s:70:18:70:Infinity":27,"s:71:17:71:Infinity":28,"s:72:25:72:Infinity":29,"s:74:4:110:Infinity":30,"s:75:24:75:Infinity":31,"s:77:6:105:Infinity":32,"s:78:26:78:Infinity":33,"b:79:8:104:Infinity:undefined:undefined:undefined:undefined":6,"s:79:8:104:Infinity":34,"s:80:10:80:Infinity":35,"b:83:10:98:Infinity:undefined:undefined:undefined:undefined":7,"s:83:10:98:Infinity":36,"s:84:12:97:Infinity":37,"b:85:14:87:Infinity:undefined:undefined:undefined:undefined":8,"s:85:14:87:Infinity":38,"s:86:16:86:Infinity":39,"s:88:14:96:Infinity":40,"b:101:10:103:Infinity:undefined:undefined:undefined:undefined":9,"s:101:10:103:Infinity":41,"s:102:12:102:Infinity":42,"b:107:6:109:Infinity:undefined:undefined:undefined:undefined":10,"s:107:6:109:Infinity":43,"s:108:8:108:Infinity":44,"s:112:4:112:Infinity":45,"f:115:10:115:42":7,"s:116:19:116:Infinity":46,"s:117:23:117:Infinity":47,"s:119:4:147:Infinity":48,"s:120:6:146:Infinity":49,"s:121:26:121:Infinity":50,"b:122:8:145:Infinity:undefined:undefined:undefined:undefined":11,"s:122:8:145:Infinity":51,"s:123:10:144:Infinity":52,"b:124:12:143:Infinity:undefined:undefined:undefined:undefined":12,"s:124:12:143:Infinity":53,"s:125:33:125:Infinity":54,"b:125:33:125:67:125:67:125:Infinity":13,"s:126:49:131:Infinity":55,"b:134:14:139:Infinity:undefined:undefined:undefined:undefined":14,"s:134:14:139:Infinity":56,"b:135:16:137:Infinity:undefined:undefined:undefined:undefined":15,"s:135:16:137:Infinity":57,"s:136:18:136:Infinity":58,"s:138:16:138:Infinity":59,"s:142:14:142:Infinity":60,"s:149:4:149:Infinity":61,"f:152:10:152:Infinity":8,"b:157:4:164:Infinity:undefined:undefined:undefined:undefined":16,"s:157:4:164:Infinity":62,"s:158:6:163:Infinity":63,"b:159:8:161:Infinity:undefined:undefined:undefined:undefined":17,"s:159:8:161:Infinity":64,"s:160:10:160:Infinity":65,"s:162:8:162:Infinity":66,"b:166:4:168:Infinity:undefined:undefined:undefined:undefined":18,"s:166:4:168:Infinity":67,"s:167:6:167:Infinity":68,"f:171:10:171:46":9,"s:172:18:172:Infinity":69,"s:173:22:179:Infinity":70,"s:181:4:216:Infinity":71,"s:182:6:215:Infinity":72,"s:183:26:183:Infinity":73,"b:184:8:214:Infinity:undefined:undefined:undefined:undefined":19,"s:184:8:214:Infinity":74,"s:185:24:185:Infinity":75,"s:186:41:186:Infinity":76,"b:188:10:188:Infinity:undefined:undefined:undefined:undefined":20,"s:188:10:188:Infinity":77,"s:188:33:188:Infinity":78,"b:189:10:189:Infinity:undefined:undefined:undefined:undefined":21,"s:189:10:189:Infinity":79,"s:189:37:189:Infinity":80,"b:190:10:195:Infinity:undefined:undefined:undefined:undefined":22,"s:190:10:195:Infinity":81,"s:191:12:194:Infinity":82,"b:192:14:192:Infinity:undefined:undefined:undefined:undefined":23,"s:192:14:192:Infinity":83,"s:192:37:192:Infinity":84,"s:193:14:193:Infinity":85,"s:197:26:197:Infinity":86,"s:198:10:204:Infinity":87,"s:207:25:207:Infinity":88,"s:208:10:213:Infinity":89,"b:209:12:211:Infinity:undefined:undefined:undefined:undefined":24,"s:209:12:211:Infinity":90,"s:210:14:210:Infinity":91,"s:212:12:212:Infinity":92,"s:218:4:218:Infinity":93,"f:221:10:221:19":10,"s:222:4:226:Infinity":94,"f:226:14:226:22":11,"s:226:22:226:37":95}}}
}
